import { registerInstance as __stencil_registerInstance, getElement as __stencil_getElement } from "@stencil/core";
import { h } from "@stencil/core";
import { HttpService } from "../../services/http.service";
import { ModelService } from "../../services/model.service";
import { ConfigService } from "../../services/config.service";
import { WorkflowService } from "../../services/workflow.service";
export const PolarisWorkflow = class {
    constructor(hostRef) {
        __stencil_registerInstance(this, hostRef);
        this.components = [];
        this.page = this;
        this.model = new ModelService();
        this.http = new HttpService(this);
        this.config = new ConfigService();
        this.wf = new WorkflowService(this);
    }
    processChangeHandler() {
        console.log("ERROR");
        //   this.render2();
    }
    componentsChangeHandler() {
        this.render2();
    }
    load(process, next = "start") {
        this.wf.setProcess(process, next);
    }
    render() {
        return h("div", null, "Testing 2");
    }
    render2() {
        if (!this.el)
            return;
        for (let i = this.el.childNodes.length - 1; i >= 0; i--)
            this.el.removeChild(this.el.childNodes[i]);
        this.components.forEach(this.renderComponent.bind(this, this));
    }
    renderComponent(parent, config) {
        const el = document.createElement(config.tag);
        const options = {
            "wf-Workflow": "",
            "ctx": this
        };
        const newEl = Object.assign(el, config, options);
        if (newEl.id && newEl.value !== undefined) {
            const newValue = this.model.getValue(newEl.id);
            if (newValue !== undefined)
                newEl.value = newValue;
            this.model.setValue(newEl.id, newEl.value);
            newEl.onchange = (event) => this.model.setValue(event.target.id, event.target.value);
        }
        if (config.controls)
            config.controls.forEach(this.renderComponent.bind(this, newEl));
        parent.appendChild(newEl);
    }
    get el() { return __stencil_getElement(this); }
    static get watchers() { return {
        "process": ["processChangeHandler"],
        "components": ["componentsChangeHandler"]
    }; }
};
