import { registerInstance as __stencil_registerInstance, getElement as __stencil_getElement } from "@stencil/core";
import { h } from "@stencil/core";
export const PolarisWorkflow = class {
    constructor(hostRef) {
        __stencil_registerInstance(this, hostRef);
        this.components = [];
    }
    processChangeHandler() {
        console.log("ERROR");
        //   this.render2();
    }
    //page = this;
    //model: ModelService = new ModelService();
    //http: HttpService = new HttpService(this);
    //config: ConfigService = new ConfigService();
    //wf:WorkflowService = new WorkflowService(this);
    componentsChangeHandler() {
        // this.render2();
    }
    //load(process: any, next = "start"){
    //  this.wf.setProcess(process, next);       
    // }
    render() {
        return h("div", null, "Testing");
    }
    get el() { return __stencil_getElement(this); }
    static get watchers() { return {
        "process": ["processChangeHandler"],
        "components": ["componentsChangeHandler"]
    }; }
};
